

Started GET "/signup" for 127.0.0.1 at 2022-10-29 17:49:27 -0400
Processing by MoviesController#signup as HTML
  Rendered movies/signup.erb within layouts/application (130.3ms)
  Rendered layouts/_flash.erb (0.3ms)
Completed 200 OK in 1889ms (Views: 1888.6ms | ActiveRecord: 0.0ms)


Started GET "/profile" for 127.0.0.1 at 2022-10-29 17:49:34 -0400
Processing by MoviesController#profile as HTML
  Rendered movies/profile.erb within layouts/application (15.0ms)
  Rendered layouts/_flash.erb (0.1ms)
Completed 200 OK in 381ms (Views: 381.0ms | ActiveRecord: 0.0ms)


Started GET "/movies" for 127.0.0.1 at 2022-10-29 17:49:40 -0400
Processing by MoviesController#index as HTML
  Rendered movies/index.html.erb within layouts/application (0.7ms)
  Rendered layouts/_flash.erb (0.1ms)
Completed 200 OK in 610ms (Views: 408.1ms | ActiveRecord: 0.0ms)


Started GET "/profile" for 127.0.0.1 at 2022-10-29 17:49:42 -0400
Processing by MoviesController#profile as HTML
  Rendered movies/profile.erb within layouts/application (1.8ms)
  Rendered layouts/_flash.erb (0.1ms)
Completed 200 OK in 406ms (Views: 405.6ms | ActiveRecord: 0.0ms)


Started POST "/movies" for 127.0.0.1 at 2022-10-29 17:50:06 -0400
Processing by MoviesController#create as HTML
  Parameters: {"utf8"=>"✓", "authenticity_token"=>"2olWZpwwzo2Rt2OjZ1zWrQtZPwnEr907M5Spojavvz62T7KgVs8J0U/X7HKWBA/eFDysSijmeb0zlU08Z31DBw==", "user"=>{"uni"=>"ab1200", "lionmail"=>"", "phone"=>"1234561789", "contact"=>"", "time_slot"=>"Tuesday", "description"=>"", "skills"=>""}, "commit"=>"Save Changes"}
  [1m[36m (0.1ms)[0m  [1mbegin transaction[0m
  [1m[35mUser Exists (0.2ms)[0m  SELECT  1 AS one FROM "users" WHERE "users"."uni" = 'ab1200' LIMIT 1
  [1m[36mSQL (4.6ms)[0m  [1mINSERT INTO "users" ("uni", "lionmail", "phone", "contact", "time_slot", "description", "skills", "created_at", "updated_at") VALUES (?, ?, ?, ?, ?, ?, ?, ?, ?)[0m  [["uni", "ab1200"], ["lionmail", ""], ["phone", "1234561789"], ["contact", ""], ["time_slot", "Tuesday"], ["description", ""], ["skills", ""], ["created_at", "2022-10-29 21:50:06.573740"], ["updated_at", "2022-10-29 21:50:06.573740"]]
  [1m[35m (8.0ms)[0m  commit transaction
  [1m[36mUser Exists (2.2ms)[0m  [1mSELECT  1 AS one FROM "users" WHERE ("users"."uni" = 'ab1200' AND "users"."uni" != 'ab1200') LIMIT 1[0m
Completed 500 Internal Server Error in 227ms (ActiveRecord: 38.6ms)

NameError (undefined local variable or method `signin_path' for #<MoviesController:0x00007f72761a7eb8>
Did you mean?  signup_path):
  app/controllers/movies_controller.rb:28:in `create'


  Rendered /home/ls/.rbenv/versions/2.6.6/lib/ruby/gems/2.6.0/gems/actionpack-4.2.10/lib/action_dispatch/middleware/templates/rescues/_source.erb (1.6ms)
  Rendered /home/ls/.rbenv/versions/2.6.6/lib/ruby/gems/2.6.0/gems/actionpack-4.2.10/lib/action_dispatch/middleware/templates/rescues/_trace.html.erb (0.9ms)
  Rendered /home/ls/.rbenv/versions/2.6.6/lib/ruby/gems/2.6.0/gems/actionpack-4.2.10/lib/action_dispatch/middleware/templates/rescues/_request_and_response.html.erb (12.3ms)
  Rendered /home/ls/.rbenv/versions/2.6.6/lib/ruby/gems/2.6.0/gems/actionpack-4.2.10/lib/action_dispatch/middleware/templates/rescues/diagnostics.html.erb within rescues/layout (22.5ms)


Started POST "/movies" for 127.0.0.1 at 2022-10-29 18:00:18 -0400
Processing by MoviesController#create as HTML
  Parameters: {"utf8"=>"✓", "authenticity_token"=>"2olWZpwwzo2Rt2OjZ1zWrQtZPwnEr907M5Spojavvz62T7KgVs8J0U/X7HKWBA/eFDysSijmeb0zlU08Z31DBw==", "user"=>{"uni"=>"ab1200", "lionmail"=>"", "phone"=>"1234561789", "contact"=>"", "time_slot"=>"Tuesday", "description"=>"", "skills"=>""}, "commit"=>"Save Changes"}
  [1m[36m (0.1ms)[0m  [1mbegin transaction[0m
  [1m[35mUser Exists (0.2ms)[0m  SELECT  1 AS one FROM "users" WHERE "users"."uni" = 'ab1200' LIMIT 1
  [1m[36m (0.9ms)[0m  [1mrollback transaction[0m
  [1m[35mUser Exists (2.7ms)[0m  SELECT  1 AS one FROM "users" WHERE "users"."uni" = 'ab1200' LIMIT 1
  Rendered movies/signup.erb within layouts/application (120.6ms)
  Rendered layouts/_flash.erb (0.4ms)
Completed 200 OK in 1448ms (Views: 1106.4ms | ActiveRecord: 22.7ms)


Started GET "/" for 127.0.0.1 at 2022-10-29 18:00:41 -0400


Started GET "/movies" for 127.0.0.1 at 2022-10-29 18:00:41 -0400
Processing by MoviesController#index as HTML
  Rendered movies/index.html.erb within layouts/application (0.5ms)
  Rendered layouts/_flash.erb (0.1ms)
Completed 200 OK in 353ms (Views: 307.1ms | ActiveRecord: 0.0ms)


Started GET "/" for 127.0.0.1 at 2022-10-29 18:00:53 -0400


Started GET "/movies" for 127.0.0.1 at 2022-10-29 18:00:53 -0400
Processing by MoviesController#index as HTML
  Rendered movies/index.html.erb within layouts/application (0.2ms)
  Rendered layouts/_flash.erb (0.1ms)
Completed 200 OK in 310ms (Views: 310.2ms | ActiveRecord: 0.0ms)


Started GET "/signup" for 127.0.0.1 at 2022-10-29 18:00:58 -0400
Processing by MoviesController#signup as HTML
  Rendered movies/signup.erb within layouts/application (0.7ms)
  Rendered layouts/_flash.erb (0.1ms)
Completed 200 OK in 368ms (Views: 368.2ms | ActiveRecord: 0.0ms)


Started POST "/movies" for 127.0.0.1 at 2022-10-29 18:04:13 -0400
Processing by MoviesController#create as HTML
  Parameters: {"utf8"=>"✓", "authenticity_token"=>"i6dfNrqkjGWiD0xTYcBPz2MgkPprBQ2AQxErv9vbmi7nYbvwcFtLOXxvw4KQmJa8fEUDuYdMqQZDEM8higlmFw==", "user"=>{"uni"=>"qq1000", "password"=>"[FILTERED]", "uname"=>"qq1000"}, "commit"=>"Sign up"}
  [1m[36m (0.1ms)[0m  [1mbegin transaction[0m
  [1m[35mUser Exists (2.3ms)[0m  SELECT  1 AS one FROM "users" WHERE "users"."uni" = 'qq1000' LIMIT 1
  [1m[36mSQL (4.3ms)[0m  [1mINSERT INTO "users" ("uni", "password", "uname", "created_at", "updated_at") VALUES (?, ?, ?, ?, ?)[0m  [["uni", "qq1000"], ["password", "123456"], ["uname", "qq1000"], ["created_at", "2022-10-29 22:04:13.656213"], ["updated_at", "2022-10-29 22:04:13.656213"]]
  [1m[35m (8.0ms)[0m  commit transaction
  [1m[36mUser Exists (2.4ms)[0m  [1mSELECT  1 AS one FROM "users" WHERE ("users"."uni" = 'qq1000' AND "users"."uni" != 'qq1000') LIMIT 1[0m
Completed 500 Internal Server Error in 29ms (ActiveRecord: 17.0ms)

NameError (undefined local variable or method `signin_path' for #<MoviesController:0x00007f7900063a80>
Did you mean?  signup_path):
  app/controllers/movies_controller.rb:28:in `create'


  Rendered /home/ls/.rbenv/versions/2.6.6/lib/ruby/gems/2.6.0/gems/actionpack-4.2.10/lib/action_dispatch/middleware/templates/rescues/_source.erb (1.4ms)
  Rendered /home/ls/.rbenv/versions/2.6.6/lib/ruby/gems/2.6.0/gems/actionpack-4.2.10/lib/action_dispatch/middleware/templates/rescues/_trace.html.erb (0.7ms)
  Rendered /home/ls/.rbenv/versions/2.6.6/lib/ruby/gems/2.6.0/gems/actionpack-4.2.10/lib/action_dispatch/middleware/templates/rescues/_request_and_response.html.erb (0.4ms)
  Rendered /home/ls/.rbenv/versions/2.6.6/lib/ruby/gems/2.6.0/gems/actionpack-4.2.10/lib/action_dispatch/middleware/templates/rescues/diagnostics.html.erb within rescues/layout (9.0ms)
  [1m[36mActiveRecord::SchemaMigration Load (2.0ms)[0m  [1mSELECT "schema_migrations".* FROM "schema_migrations"[0m
  [1m[36mActiveRecord::SchemaMigration Load (2.4ms)[0m  [1mSELECT "schema_migrations".* FROM "schema_migrations"[0m
  [1m[36mActiveRecord::SchemaMigration Load (1.7ms)[0m  [1mSELECT "schema_migrations".* FROM "schema_migrations"[0m
  [1m[35m (0.0ms)[0m  begin transaction
  [1m[36mUser Exists (0.2ms)[0m  [1mSELECT  1 AS one FROM "users" WHERE "users"."uni" = 'aa1000' LIMIT 1[0m
  [1m[35m (0.2ms)[0m  rollback transaction
  [1m[36m (12.4ms)[0m  [1mCREATE TABLE "movies" ("id" INTEGER PRIMARY KEY AUTOINCREMENT NOT NULL, "title" varchar, "rating" varchar, "description" text, "release_date" datetime, "created_at" datetime, "updated_at" datetime) [0m
  [1m[35m (11.3ms)[0m  CREATE TABLE "users" ("uni" varchar NOT NULL, "password" varchar, "uname" varchar, "created_at" datetime NOT NULL, "updated_at" datetime NOT NULL, "lionmail" varchar, "phone" varchar, "contact" varchar, "time_slot" varchar, "description" text, "skills" text) 
  [1m[36m (12.6ms)[0m  [1mCREATE TABLE "schema_migrations" ("version" varchar NOT NULL) [0m
  [1m[35m (0.1ms)[0m  select sqlite_version(*)
  [1m[36m (10.9ms)[0m  [1mCREATE UNIQUE INDEX "unique_schema_migrations" ON "schema_migrations" ("version")[0m
  [1m[35m (2.0ms)[0m  SELECT version FROM "schema_migrations"
  [1m[36m (12.5ms)[0m  [1mINSERT INTO "schema_migrations" (version) VALUES ('20221029205120')[0m
  [1m[35m (12.9ms)[0m  INSERT INTO "schema_migrations" (version) VALUES ('20221029204213')
  [1m[36m (12.0ms)[0m  [1mINSERT INTO "schema_migrations" (version) VALUES ('20221029204404')[0m
  [1m[35m (12.8ms)[0m  INSERT INTO "schema_migrations" (version) VALUES ('20221029204509')
  [1m[36m (12.4ms)[0m  [1mINSERT INTO "schema_migrations" (version) VALUES ('20221029204909')[0m
  [1m[35m (12.7ms)[0m  INSERT INTO "schema_migrations" (version) VALUES ('20221029205042')
  [1m[36m (11.6ms)[0m  [1mCREATE TABLE "movies" ("id" INTEGER PRIMARY KEY AUTOINCREMENT NOT NULL, "title" varchar, "rating" varchar, "description" text, "release_date" datetime, "created_at" datetime, "updated_at" datetime) [0m
  [1m[35m (13.0ms)[0m  CREATE TABLE "users" ("uni" varchar NOT NULL, "password" varchar, "uname" varchar, "created_at" datetime NOT NULL, "updated_at" datetime NOT NULL, "lionmail" varchar, "phone" varchar, "contact" varchar, "time_slot" varchar, "description" text, "skills" text) 
  [1m[36m (13.8ms)[0m  [1mCREATE TABLE "schema_migrations" ("version" varchar NOT NULL) [0m
  [1m[35m (0.1ms)[0m  select sqlite_version(*)
  [1m[36m (13.2ms)[0m  [1mCREATE UNIQUE INDEX "unique_schema_migrations" ON "schema_migrations" ("version")[0m
  [1m[35m (2.2ms)[0m  SELECT version FROM "schema_migrations"
  [1m[36m (13.4ms)[0m  [1mINSERT INTO "schema_migrations" (version) VALUES ('20221029205120')[0m
  [1m[35m (13.7ms)[0m  INSERT INTO "schema_migrations" (version) VALUES ('20221029204213')
  [1m[36m (13.1ms)[0m  [1mINSERT INTO "schema_migrations" (version) VALUES ('20221029204404')[0m
  [1m[35m (14.0ms)[0m  INSERT INTO "schema_migrations" (version) VALUES ('20221029204509')
  [1m[36m (12.2ms)[0m  [1mINSERT INTO "schema_migrations" (version) VALUES ('20221029204909')[0m
  [1m[35m (12.7ms)[0m  INSERT INTO "schema_migrations" (version) VALUES ('20221029205042')
  [1m[36mActiveRecord::SchemaMigration Load (2.0ms)[0m  [1mSELECT "schema_migrations".* FROM "schema_migrations"[0m
  [1m[35m (0.0ms)[0m  begin transaction
  [1m[36mUser Exists (0.3ms)[0m  [1mSELECT  1 AS one FROM "users" WHERE "users"."uni" = 'aa1000' LIMIT 1[0m
  [1m[35mSQL (4.2ms)[0m  INSERT INTO "users" ("uni", "password", "uname", "lionmail", "phone", "contact", "time_slot", "description", "skills", "created_at", "updated_at") VALUES (?, ?, ?, ?, ?, ?, ?, ?, ?, ?, ?)  [["uni", "aa1000"], ["password", "123456"], ["uname", "aa1000"], ["lionmail", "aa1000@columbia.edu"], ["phone", "123-456-7890"], ["contact", ""], ["time_slot", "Monday"], ["description", "Null"], ["skills", "Ruby"], ["created_at", "2022-10-29 22:24:18.125011"], ["updated_at", "2022-10-29 22:24:18.125011"]]
  [1m[36m (7.2ms)[0m  [1mcommit transaction[0m
  [1m[35m (0.0ms)[0m  begin transaction
  [1m[36mUser Exists (1.7ms)[0m  [1mSELECT  1 AS one FROM "users" WHERE "users"."uni" = 'aa1100' LIMIT 1[0m
  [1m[35mSQL (3.5ms)[0m  INSERT INTO "users" ("uni", "password", "uname", "lionmail", "phone", "contact", "time_slot", "description", "skills", "created_at", "updated_at") VALUES (?, ?, ?, ?, ?, ?, ?, ?, ?, ?, ?)  [["uni", "aa1100"], ["password", "1234567"], ["uname", "aa1100"], ["lionmail", "aa1100@columbia.edu"], ["phone", "123-654-7890"], ["contact", ""], ["time_slot", "Monday"], ["description", "Null"], ["skills", "Ruby"], ["created_at", "2022-10-29 22:24:18.140685"], ["updated_at", "2022-10-29 22:24:18.140685"]]
  [1m[36m (7.0ms)[0m  [1mcommit transaction[0m
  [1m[35m (0.1ms)[0m  begin transaction
  [1m[36mUser Exists (1.8ms)[0m  [1mSELECT  1 AS one FROM "users" WHERE "users"."uni" = 'aa1200' LIMIT 1[0m
  [1m[35mSQL (3.4ms)[0m  INSERT INTO "users" ("uni", "password", "uname", "lionmail", "phone", "contact", "time_slot", "description", "skills", "created_at", "updated_at") VALUES (?, ?, ?, ?, ?, ?, ?, ?, ?, ?, ?)  [["uni", "aa1200"], ["password", "12345"], ["uname", "aa1200"], ["lionmail", "aa1200@columbia.edu"], ["phone", "123-465-7890"], ["contact", ""], ["time_slot", "Tuesday"], ["description", "Null"], ["skills", "Ruby"], ["created_at", "2022-10-29 22:24:18.155545"], ["updated_at", "2022-10-29 22:24:18.155545"]]
  [1m[36m (6.7ms)[0m  [1mcommit transaction[0m
  [1m[35m (0.0ms)[0m  begin transaction
  [1m[36mUser Exists (1.7ms)[0m  [1mSELECT  1 AS one FROM "users" WHERE "users"."uni" = 'aa1300' LIMIT 1[0m
  [1m[35mSQL (3.1ms)[0m  INSERT INTO "users" ("uni", "password", "uname", "lionmail", "phone", "contact", "time_slot", "description", "skills", "created_at", "updated_at") VALUES (?, ?, ?, ?, ?, ?, ?, ?, ?, ?, ?)  [["uni", "aa1300"], ["password", "12345678"], ["uname", "aa1300"], ["lionmail", "aa1300@columbia.edu"], ["phone", "321-456-7890"], ["contact", ""], ["time_slot", "Wednesday"], ["description", "Null"], ["skills", "Ruby"], ["created_at", "2022-10-29 22:24:18.169934"], ["updated_at", "2022-10-29 22:24:18.169934"]]
  [1m[36m (6.8ms)[0m  [1mcommit transaction[0m
  [1m[35m (0.0ms)[0m  begin transaction
  [1m[36mUser Exists (1.7ms)[0m  [1mSELECT  1 AS one FROM "users" WHERE "users"."uni" = 'aa1400' LIMIT 1[0m
  [1m[35mSQL (3.4ms)[0m  INSERT INTO "users" ("uni", "password", "uname", "lionmail", "phone", "contact", "time_slot", "description", "skills", "created_at", "updated_at") VALUES (?, ?, ?, ?, ?, ?, ?, ?, ?, ?, ?)  [["uni", "aa1400"], ["password", "1234"], ["uname", "aa1400"], ["lionmail", "aa1400@columbia.edu"], ["phone", "121-456-7890"], ["contact", ""], ["time_slot", "Thursday"], ["description", "Null"], ["skills", "Ruby"], ["created_at", "2022-10-29 22:24:18.184164"], ["updated_at", "2022-10-29 22:24:18.184164"]]
  [1m[36m (6.6ms)[0m  [1mcommit transaction[0m
  [1m[35m (0.0ms)[0m  begin transaction
  [1m[36mUser Exists (1.7ms)[0m  [1mSELECT  1 AS one FROM "users" WHERE "users"."uni" = 'aa1500' LIMIT 1[0m
  [1m[35mSQL (3.2ms)[0m  INSERT INTO "users" ("uni", "password", "uname", "lionmail", "phone", "contact", "time_slot", "description", "skills", "created_at", "updated_at") VALUES (?, ?, ?, ?, ?, ?, ?, ?, ?, ?, ?)  [["uni", "aa1500"], ["password", "123456789"], ["uname", "aa1500"], ["lionmail", "aa1500@columbia.edu"], ["phone", "313-456-7890"], ["contact", ""], ["time_slot", "Friday"], ["description", "Null"], ["skills", "Ruby"], ["created_at", "2022-10-29 22:24:18.198442"], ["updated_at", "2022-10-29 22:24:18.198442"]]
  [1m[36m (6.8ms)[0m  [1mcommit transaction[0m
  [1m[35m (0.0ms)[0m  begin transaction
  [1m[36mUser Exists (1.9ms)[0m  [1mSELECT  1 AS one FROM "users" WHERE "users"."uni" = 'aa1600' LIMIT 1[0m
  [1m[35mSQL (3.2ms)[0m  INSERT INTO "users" ("uni", "password", "uname", "lionmail", "phone", "contact", "time_slot", "description", "skills", "created_at", "updated_at") VALUES (?, ?, ?, ?, ?, ?, ?, ?, ?, ?, ?)  [["uni", "aa1600"], ["password", "123"], ["uname", "aa1600"], ["lionmail", "aa1600@columbia.edu"], ["phone", "232-456-7890"], ["contact", ""], ["time_slot", "Saturday"], ["description", "Null"], ["skills", "Ruby"], ["created_at", "2022-10-29 22:24:18.212948"], ["updated_at", "2022-10-29 22:24:18.212948"]]
  [1m[36m (7.1ms)[0m  [1mcommit transaction[0m
  [1m[35m (0.0ms)[0m  begin transaction
  [1m[36mUser Exists (1.8ms)[0m  [1mSELECT  1 AS one FROM "users" WHERE "users"."uni" = 'aa1700' LIMIT 1[0m
  [1m[35mSQL (3.3ms)[0m  INSERT INTO "users" ("uni", "password", "uname", "lionmail", "phone", "contact", "time_slot", "description", "skills", "created_at", "updated_at") VALUES (?, ?, ?, ?, ?, ?, ?, ?, ?, ?, ?)  [["uni", "aa1700"], ["password", "1234567890"], ["uname", "aa1700"], ["lionmail", "aa1700@columbia.edu"], ["phone", "123-456-7899"], ["contact", ""], ["time_slot", "Sunday"], ["description", "Null"], ["skills", "Ruby"], ["created_at", "2022-10-29 22:24:18.227566"], ["updated_at", "2022-10-29 22:24:18.227566"]]
  [1m[36m (6.7ms)[0m  [1mcommit transaction[0m
  [1m[36mActiveRecord::SchemaMigration Load (2.4ms)[0m  [1mSELECT "schema_migrations".* FROM "schema_migrations"[0m
  [1m[35mActiveRecord::SchemaMigration Load (2.2ms)[0m  SELECT "schema_migrations".* FROM "schema_migrations"
  [1m[36mActiveRecord::SchemaMigration Load (2.5ms)[0m  [1mSELECT "schema_migrations".* FROM "schema_migrations"[0m
  [1m[35m (0.0ms)[0m  begin transaction
  [1m[36mUser Exists (0.2ms)[0m  [1mSELECT  1 AS one FROM "users" WHERE "users"."uni" = 'aa1000' LIMIT 1[0m
  [1m[35m (0.4ms)[0m  rollback transaction
  [1m[36m (11.8ms)[0m  [1mCREATE TABLE "movies" ("id" INTEGER PRIMARY KEY AUTOINCREMENT NOT NULL, "title" varchar, "rating" varchar, "description" text, "release_date" datetime, "created_at" datetime, "updated_at" datetime) [0m
  [1m[35m (10.5ms)[0m  CREATE TABLE "users" ("uni" varchar NOT NULL, "password" varchar, "uname" varchar, "created_at" datetime NOT NULL, "updated_at" datetime NOT NULL, "lionmail" varchar, "phone" varchar, "contact" varchar, "time_slot" varchar, "description" text, "skills" text) 
  [1m[36m (11.9ms)[0m  [1mCREATE TABLE "schema_migrations" ("version" varchar NOT NULL) [0m
  [1m[35m (0.1ms)[0m  select sqlite_version(*)
  [1m[36m (11.6ms)[0m  [1mCREATE UNIQUE INDEX "unique_schema_migrations" ON "schema_migrations" ("version")[0m
  [1m[35m (1.8ms)[0m  SELECT version FROM "schema_migrations"
  [1m[36m (11.2ms)[0m  [1mINSERT INTO "schema_migrations" (version) VALUES ('20221029205120')[0m
  [1m[35m (11.7ms)[0m  INSERT INTO "schema_migrations" (version) VALUES ('20221029204213')
  [1m[36m (11.0ms)[0m  [1mINSERT INTO "schema_migrations" (version) VALUES ('20221029204404')[0m
  [1m[35m (10.5ms)[0m  INSERT INTO "schema_migrations" (version) VALUES ('20221029204509')
  [1m[36m (10.4ms)[0m  [1mINSERT INTO "schema_migrations" (version) VALUES ('20221029204909')[0m
  [1m[35m (10.7ms)[0m  INSERT INTO "schema_migrations" (version) VALUES ('20221029205042')
  [1m[36m (10.1ms)[0m  [1mCREATE TABLE "movies" ("id" INTEGER PRIMARY KEY AUTOINCREMENT NOT NULL, "title" varchar, "rating" varchar, "description" text, "release_date" datetime, "created_at" datetime, "updated_at" datetime) [0m
  [1m[35m (10.0ms)[0m  CREATE TABLE "users" ("uni" varchar NOT NULL, "password" varchar, "uname" varchar, "created_at" datetime NOT NULL, "updated_at" datetime NOT NULL, "lionmail" varchar, "phone" varchar, "contact" varchar, "time_slot" varchar, "description" text, "skills" text) 
  [1m[36m (10.6ms)[0m  [1mCREATE TABLE "schema_migrations" ("version" varchar NOT NULL) [0m
  [1m[35m (0.1ms)[0m  select sqlite_version(*)
  [1m[36m (10.6ms)[0m  [1mCREATE UNIQUE INDEX "unique_schema_migrations" ON "schema_migrations" ("version")[0m
  [1m[35m (1.8ms)[0m  SELECT version FROM "schema_migrations"
  [1m[36m (11.7ms)[0m  [1mINSERT INTO "schema_migrations" (version) VALUES ('20221029205120')[0m
  [1m[35m (11.3ms)[0m  INSERT INTO "schema_migrations" (version) VALUES ('20221029204213')
  [1m[36m (11.4ms)[0m  [1mINSERT INTO "schema_migrations" (version) VALUES ('20221029204404')[0m
  [1m[35m (11.1ms)[0m  INSERT INTO "schema_migrations" (version) VALUES ('20221029204509')
  [1m[36m (11.0ms)[0m  [1mINSERT INTO "schema_migrations" (version) VALUES ('20221029204909')[0m
  [1m[35m (10.8ms)[0m  INSERT INTO "schema_migrations" (version) VALUES ('20221029205042')
  [1m[36mActiveRecord::SchemaMigration Load (1.6ms)[0m  [1mSELECT "schema_migrations".* FROM "schema_migrations"[0m
  [1m[35m (0.0ms)[0m  begin transaction
  [1m[36mUser Exists (0.2ms)[0m  [1mSELECT  1 AS one FROM "users" WHERE "users"."uni" = 'aa1000' LIMIT 1[0m
  [1m[35mSQL (3.5ms)[0m  INSERT INTO "users" ("uni", "password", "uname", "lionmail", "phone", "contact", "time_slot", "description", "skills", "created_at", "updated_at") VALUES (?, ?, ?, ?, ?, ?, ?, ?, ?, ?, ?)  [["uni", "aa1000"], ["password", "123456"], ["uname", "aa1000"], ["lionmail", "aa1000@columbia.edu"], ["phone", "123-456-7890"], ["contact", ""], ["time_slot", "Monday"], ["description", "Null"], ["skills", "Ruby"], ["created_at", "2022-10-29 22:32:09.947394"], ["updated_at", "2022-10-29 22:32:09.947394"]]
  [1m[36m (6.8ms)[0m  [1mcommit transaction[0m
  [1m[35m (0.0ms)[0m  begin transaction
  [1m[36mUser Exists (1.6ms)[0m  [1mSELECT  1 AS one FROM "users" WHERE "users"."uni" = 'aa1100' LIMIT 1[0m
  [1m[35mSQL (3.0ms)[0m  INSERT INTO "users" ("uni", "password", "uname", "lionmail", "phone", "contact", "time_slot", "description", "skills", "created_at", "updated_at") VALUES (?, ?, ?, ?, ?, ?, ?, ?, ?, ?, ?)  [["uni", "aa1100"], ["password", "1234567"], ["uname", "aa1100"], ["lionmail", "aa1100@columbia.edu"], ["phone", "123-654-7890"], ["contact", ""], ["time_slot", "Monday"], ["description", "Null"], ["skills", "Ruby"], ["created_at", "2022-10-29 22:32:09.961928"], ["updated_at", "2022-10-29 22:32:09.961928"]]
  [1m[36m (6.9ms)[0m  [1mcommit transaction[0m
  [1m[35m (0.0ms)[0m  begin transaction
  [1m[36mUser Exists (1.8ms)[0m  [1mSELECT  1 AS one FROM "users" WHERE "users"."uni" = 'aa1200' LIMIT 1[0m
  [1m[35mSQL (3.0ms)[0m  INSERT INTO "users" ("uni", "password", "uname", "lionmail", "phone", "contact", "time_slot", "description", "skills", "created_at", "updated_at") VALUES (?, ?, ?, ?, ?, ?, ?, ?, ?, ?, ?)  [["uni", "aa1200"], ["password", "12345"], ["uname", "aa1200"], ["lionmail", "aa1200@columbia.edu"], ["phone", "123-465-7890"], ["contact", ""], ["time_slot", "Tuesday"], ["description", "Null"], ["skills", "Ruby"], ["created_at", "2022-10-29 22:32:09.976082"], ["updated_at", "2022-10-29 22:32:09.976082"]]
  [1m[36m (6.2ms)[0m  [1mcommit transaction[0m
  [1m[35m (0.0ms)[0m  begin transaction
  [1m[36mUser Exists (1.6ms)[0m  [1mSELECT  1 AS one FROM "users" WHERE "users"."uni" = 'aa1300' LIMIT 1[0m
  [1m[35mSQL (3.1ms)[0m  INSERT INTO "users" ("uni", "password", "uname", "lionmail", "phone", "contact", "time_slot", "description", "skills", "created_at", "updated_at") VALUES (?, ?, ?, ?, ?, ?, ?, ?, ?, ?, ?)  [["uni", "aa1300"], ["password", "12345678"], ["uname", "aa1300"], ["lionmail", "aa1300@columbia.edu"], ["phone", "321-456-7890"], ["contact", ""], ["time_slot", "Wednesday"], ["description", "Null"], ["skills", "Ruby"], ["created_at", "2022-10-29 22:32:09.989222"], ["updated_at", "2022-10-29 22:32:09.989222"]]
  [1m[36m (6.3ms)[0m  [1mcommit transaction[0m
  [1m[35m (0.0ms)[0m  begin transaction
  [1m[36mUser Exists (1.6ms)[0m  [1mSELECT  1 AS one FROM "users" WHERE "users"."uni" = 'aa1400' LIMIT 1[0m
  [1m[35mSQL (2.9ms)[0m  INSERT INTO "users" ("uni", "password", "uname", "lionmail", "phone", "contact", "time_slot", "description", "skills", "created_at", "updated_at") VALUES (?, ?, ?, ?, ?, ?, ?, ?, ?, ?, ?)  [["uni", "aa1400"], ["password", "1234"], ["uname", "aa1400"], ["lionmail", "aa1400@columbia.edu"], ["phone", "121-456-7890"], ["contact", ""], ["time_slot", "Thursday"], ["description", "Null"], ["skills", "Ruby"], ["created_at", "2022-10-29 22:32:10.002748"], ["updated_at", "2022-10-29 22:32:10.002748"]]
  [1m[36m (6.0ms)[0m  [1mcommit transaction[0m
  [1m[35m (0.1ms)[0m  begin transaction
  [1m[36mUser Exists (1.6ms)[0m  [1mSELECT  1 AS one FROM "users" WHERE "users"."uni" = 'aa1500' LIMIT 1[0m
  [1m[35mSQL (2.9ms)[0m  INSERT INTO "users" ("uni", "password", "uname", "lionmail", "phone", "contact", "time_slot", "description", "skills", "created_at", "updated_at") VALUES (?, ?, ?, ?, ?, ?, ?, ?, ?, ?, ?)  [["uni", "aa1500"], ["password", "123456789"], ["uname", "aa1500"], ["lionmail", "aa1500@columbia.edu"], ["phone", "313-456-7890"], ["contact", ""], ["time_slot", "Friday"], ["description", "Null"], ["skills", "Ruby"], ["created_at", "2022-10-29 22:32:10.015539"], ["updated_at", "2022-10-29 22:32:10.015539"]]
  [1m[36m (6.3ms)[0m  [1mcommit transaction[0m
  [1m[35m (0.0ms)[0m  begin transaction
  [1m[36mUser Exists (1.5ms)[0m  [1mSELECT  1 AS one FROM "users" WHERE "users"."uni" = 'aa1600' LIMIT 1[0m
  [1m[35mSQL (3.1ms)[0m  INSERT INTO "users" ("uni", "password", "uname", "lionmail", "phone", "contact", "time_slot", "description", "skills", "created_at", "updated_at") VALUES (?, ?, ?, ?, ?, ?, ?, ?, ?, ?, ?)  [["uni", "aa1600"], ["password", "123"], ["uname", "aa1600"], ["lionmail", "aa1600@columbia.edu"], ["phone", "232-456-7890"], ["contact", ""], ["time_slot", "Saturday"], ["description", "Null"], ["skills", "Ruby"], ["created_at", "2022-10-29 22:32:10.028676"], ["updated_at", "2022-10-29 22:32:10.028676"]]
  [1m[36m (6.4ms)[0m  [1mcommit transaction[0m
  [1m[35m (0.0ms)[0m  begin transaction
  [1m[36mUser Exists (1.6ms)[0m  [1mSELECT  1 AS one FROM "users" WHERE "users"."uni" = 'aa1700' LIMIT 1[0m
  [1m[35mSQL (2.9ms)[0m  INSERT INTO "users" ("uni", "password", "uname", "lionmail", "phone", "contact", "time_slot", "description", "skills", "created_at", "updated_at") VALUES (?, ?, ?, ?, ?, ?, ?, ?, ?, ?, ?)  [["uni", "aa1700"], ["password", "1234567890"], ["uname", "aa1700"], ["lionmail", "aa1700@columbia.edu"], ["phone", "123-456-7899"], ["contact", ""], ["time_slot", "Sunday"], ["description", "Null"], ["skills", "Ruby"], ["created_at", "2022-10-29 22:32:10.042044"], ["updated_at", "2022-10-29 22:32:10.042044"]]
  [1m[36m (6.2ms)[0m  [1mcommit transaction[0m
